06-Dec-2022 10:28:42 ERROR - Validator.INVALID_EMPLOYEE_NAME
java.lang.Exception: Validator.INVALID_EMPLOYEE_NAME
	at com.myapp.validator.Validator.validate(Validator.java:12) [classes/:?]
	at com.myapp.Tester.main(Tester.java:12) [classes/:?]
06-Dec-2022 10:30:10 ERROR - Validator.INVALID_EMPLOYEE_NAME
java.lang.Exception: Validator.INVALID_EMPLOYEE_NAME
	at com.myapp.validator.Validator.validate(Validator.java:12) [classes/:?]
	at com.myapp.Tester.main(Tester.java:12) [classes/:?]
06-Dec-2022 05:42:14 ERROR - Validator.INVALID_EMPLOYEE_NAME
java.lang.Exception: Validator.INVALID_EMPLOYEE_NAME
	at com.myapp.validator.Validator.validate(Validator.java:12) [classes/:?]
	at com.myapp.Tester.main(Tester.java:12) [classes/:?]
06-Dec-2022 05:43:49 ERROR - Validator.INVALID_EMPLOYEE_NAME
java.lang.Exception: Validator.INVALID_EMPLOYEE_NAME
	at com.myapp.validator.Validator.validate(Validator.java:12) [classes/:?]
	at com.myapp.Tester.main(Tester.java:12) [classes/:?]
06-Dec-2022 05:44:11 ERROR - Validator.INVALID_EMPLOYEE_NAME
java.lang.Exception: Validator.INVALID_EMPLOYEE_NAME
	at com.myapp.validator.Validator.validate(Validator.java:12) [classes/:?]
	at com.myapp.Tester.main(Tester.java:12) [classes/:?]
06-Dec-2022 05:47:33 ERROR - Validator.INVALID_EMPLOYEE_NAME
java.lang.Exception: Validator.INVALID_EMPLOYEE_NAME
	at com.myapp.validator.Validator.validate(Validator.java:12) [classes/:?]
	at com.myapp.Tester.main(Tester.java:12) [classes/:?]
06-Dec-2022 05:57:52 ERROR - Validator.INVALID_EMPLOYEE_NAME
java.lang.Exception: Validator.INVALID_EMPLOYEE_NAME
	at com.myapp.validator.Validator.validate(Validator.java:12) [classes/:?]
	at com.myapp.Tester.main(Tester.java:12) [classes/:?]
06-Dec-2022 06:00:50 ERROR - Validator.INVALID_EMPLOYEE_NAME
java.lang.Exception: Validator.INVALID_EMPLOYEE_NAME
	at com.myapp.validator.Validator.validate(Validator.java:12) [classes/:?]
	at com.myapp.Tester.main(Tester.java:12) [classes/:?]
06-Dec-2022 06:06:37 ERROR - Validator.INVALID_EMPLOYEE_NAME
java.lang.Exception: Validator.INVALID_EMPLOYEE_NAME
	at com.myapp.validator.Validator.validate(Validator.java:12) [classes/:?]
	at com.myapp.Tester.main(Tester.java:12) [classes/:?]
06-Dec-2022 06:06:48 ERROR - Validator.INVALID_EMPLOYEE_NAME
java.lang.Exception: Validator.INVALID_EMPLOYEE_NAME
	at com.myapp.validator.Validator.validate(Validator.java:12) [classes/:?]
	at com.myapp.Tester.main(Tester.java:12) [classes/:?]
06-Dec-2022 06:14:35 ERROR - Validator.INVALID_EMPLOYEE_NAME
java.lang.Exception: Validator.INVALID_EMPLOYEE_NAME
	at com.myapp.validator.Validator.validate(Validator.java:12) [classes/:?]
	at com.myapp.Tester.main(Tester.java:12) [classes/:?]
06-Dec-2022 06:15:58 ERROR - ----The employee name is invalid.------
